<?xml version="1.0" encoding="UTF-8"?>
<!-- Generated by org.testng.reporters.JUnitReportReporter -->
<testsuite skipped="0" hostname="T0154300DB-PC" name="automationChallenge.SauceDemoTest" tests="1" failures="0" timestamp="24 may 2021 04:53:44 GMT" time="10.719" errors="0">
  <testcase name="completePurchase" time="10.719" classname="automationChallenge.SauceDemoTest"/>
</testsuite> <!-- automationChallenge.SauceDemoTest -->
